<html>
<head>
<title>TestNG:  Default test</title>
<link href="../testng.css" rel="stylesheet" type="text/css" />
<link href="../my-testng.css" rel="stylesheet" type="text/css" />

<style type="text/css">
.log { display: none;} 
.stack-trace { display: none;} 
</style>
<script type="text/javascript">
<!--
function flip(e) {
  current = e.style.display;
  if (current == 'block') {
    e.style.display = 'none';
    return 0;
  }
  else {
    e.style.display = 'block';
    return 1;
  }
}

function toggleBox(szDivId, elem, msg1, msg2)
{
  var res = -1;  if (document.getElementById) {
    res = flip(document.getElementById(szDivId));
  }
  else if (document.all) {
    // this is the way old msie versions work
    res = flip(document.all[szDivId]);
  }
  if(elem) {
    if(res == 0) elem.innerHTML = msg1; else elem.innerHTML = msg2;
  }

}

function toggleAllBoxes() {
  if (document.getElementsByTagName) {
    d = document.getElementsByTagName('div');
    for (i = 0; i < d.length; i++) {
      if (d[i].className == 'log') {
        flip(d[i]);
      }
    }
  }
}

// -->
</script>

</head>
<body>
<h2 align='center'>Default test</h2><table border='1' align="center">
<tr>
<td>Tests passed/Failed/Skipped:</td><td>0/1/0</td>
</tr><tr>
<td>Started on:</td><td>Wed Apr 18 23:27:30 PDT 2018</td>
</tr>
<tr><td>Total time:</td><td>43 seconds (43850 ms)</td>
</tr><tr>
<td>Included groups:</td><td></td>
</tr><tr>
<td>Excluded groups:</td><td></td>
</tr>
</table><p/>
<small><i>(Hover the method name to see the test class name)</i></small><p/>
<table width='100%' border='1' class='invocation-failed'>
<tr><td colspan='4' align='center'><b>FAILED TESTS</b></td></tr>
<tr><td><b>Test method</b></td>
<td width="30%"><b>Exception</b></td>
<td width="10%"><b>Time (seconds)</b></td>
<td><b>Instance</b></td>
</tr>
<tr>
<td title='HomePage.selectProductandCheckout()'><b>selectProductandCheckout</b><br>Test class: HomePage</td>
<td><div><pre>org.openqa.selenium.WebDriverException: unknown error: Element &lt;iframe scrolling=&quot;no&quot; frameborder=&quot;0&quot; allow=&quot;camera; microphone; geolocation; vr&quot; allowtransparency=&quot;true&quot; allowfullscreen=&quot;&quot; name=&quot;TPAMultiSection_j4ci4xqb&quot; title=&quot;Product Page&quot; aria-label=&quot;Product Page&quot; id=&quot;TPAMultiSection_j4ci4xqbiframe&quot; class=&quot;style-j5ant54siframe&quot; style=&quot;display: block; width: 100%; height: 100%; overflow: hidden; position: absolute;&quot; src=&quot;https://ecom.wix.com/storefront/product/i-m-a-product-1?cacheKiller=1524119256063&amp;amp;compId=TPAMultiSection_j4ci4xqb&amp;amp;deviceType=desktop&amp;amp;height=1025&amp;amp;instance=7l-mFnYL8k-Vrew9OS17Q67EoeUlLwoVQGI-p1Kxx3Y.eyJpbnN0YW5jZUlkIjoiMzkxNGY4NmUtYmQ0YS00OGRkLTliZWUtYzFjNTZlNWJhYTk2IiwiYXBwRGVmSWQiOiIxMzgwYjcwMy1jZTgxLWZmMDUtZjExNS0zOTU3MWQ5NGRmY2QiLCJzaWduRGF0ZSI6IjIwMTgtMDQtMTlUMDY6Mjc6MzQuMjQ4WiIsInVpZCI6bnVsbCwiaXBBbmRQb3J0IjoiNzUuMTU3LjIzMC42NS81NjQ2MyIsInZlbmRvclByb2R1Y3RJZCI6bnVsbCwiZGVtb01vZGUiOmZhbHNlLCJvcmlnaW5JbnN0YW5jZUlkIjoiMmYyN2ExNTMtN2MyOS00MTZkLWJiOWYtNjI0OGE5MjJlODlmIiwiYWlkIjoiM2QwODJkYWUtN2RjZi00NWQwLWE3NzYtMWYzYTc1YzNlMjA4IiwiYmlUb2tlbiI6IjI1MjZmMTU3LTllYWItMDA1Mi0yNDY3LWU0NGM2NTE5YWY2OCIsInNpdGVPd25lcklkIjoiYzNlY2UyZTAtMTE5NS00MmRiLWJmMmMtZGY4YzM1OWY1ZjlmIn0&amp;amp;locale=en&amp;amp;pageId=is6ln&amp;amp;section-url=https%3A%2F%2Farielkiell.wixsite.com%2Finterview%2Fproduct-page%2F&amp;amp;target=_top&amp;amp;viewMode=site&amp;amp;vsi=dcae7692-cb13-4ac3-9362-f09098b966ca&amp;amp;width=980&quot; cd_frame_id_=&quot;09171446b1fbf8f7811315359427260a&quot;&gt;&lt;/iframe&gt; is not clickable at point (803, 21). Other element would receive the click: &lt;span class=&quot;text&quot;&gt;...&lt;/span&gt;
  (Session info: chrome=65.0.3325.181)
  (Driver info: chromedriver=2.37.544337 (8c0344a12e552148c185f7d5117db1f28d6c9e85),platform=Mac OS X 10.13.4 x86_64) (WARNING: The server did not provide any stacktrace information)
Command duration or timeout: 0 milliseconds
Build info: version: &apos;3.10.0&apos;, revision: &apos;176b4a9&apos;, time: &apos;2018-03-02T19:10:56.039Z&apos;
System info: host: &apos;ApoorvaSharmas-MacBook-Pro.local&apos;, ip: &apos;192.168.1.68&apos;, os.name: &apos;Mac OS X&apos;, os.arch: &apos;x86_64&apos;, os.version: &apos;10.13.4&apos;, java.version: &apos;9.0.4&apos;
Driver info: org.openqa.selenium.chrome.ChromeDriver
Capabilities {acceptInsecureCerts: false, acceptSslCerts: false, applicationCacheEnabled: false, browserConnectionEnabled: false, browserName: chrome, chrome: {chromedriverVersion: 2.37.544337 (8c0344a12e5521..., userDataDir: /var/folders/n5/0nl53y7956s...}, cssSelectorsEnabled: true, databaseEnabled: false, handlesAlerts: true, hasTouchScreen: false, javascriptEnabled: true, locationContextEnabled: true, mobileEmulationEnabled: false, nativeEvents: true, networkConnectionEnabled: false, pageLoadStrategy: normal, platform: MAC, platformName: MAC, rotatable: false, setWindowRect: true, takesHeapSnapshot: true, takesScreenshot: true, unexpectedAlertBehaviour: , unhandledPromptBehavior: , version: 65.0.3325.181, webStorageEnabled: true}
Session ID: d599f375f6715d49cc6dbf776919c4f9
	at java.base/jdk.internal.reflect.NativeConstructorAccessorImpl.newInstance0(Native Method)
	at java.base/jdk.internal.reflect.NativeConstructorAccessorImpl.newInstance(NativeConstructorAccessorImpl.java:62)
	at java.base/jdk.internal.reflect.DelegatingConstructorAccessorImpl.newInstance(DelegatingConstructorAccessorImpl.java:45)
	at java.base/java.lang.reflect.Constructor.newInstance(Constructor.java:488)
	at org.openqa.selenium.remote.ErrorHandler.createThrowable(ErrorHandler.java:214)
	at org.openqa.selenium.remote.ErrorHandler.throwIfResponseFailed(ErrorHandler.java:166)
	at org.openqa.selenium.remote.http.JsonHttpResponseCodec.reconstructValue(JsonHttpResponseCodec.java:40)
	at org.openqa.selenium.remote.http.AbstractHttpResponseCodec.decode(AbstractHttpResponseCodec.java:80)
	at org.openqa.selenium.remote.http.AbstractHttpResponseCodec.decode(AbstractHttpResponseCodec.java:44)
	at org.openqa.selenium.remote.HttpCommandExecutor.execute(HttpCommandExecutor.java:160)
	at org.openqa.selenium.remote.service.DriverCommandExecutor.execute(DriverCommandExecutor.java:83)
	at org.openqa.selenium.remote.RemoteWebDriver.execute(RemoteWebDriver.java:601)
	at org.openqa.selenium.remote.RemoteExecuteMethod.execute(RemoteExecuteMethod.java:35)
	at org.openqa.selenium.remote.RemoteMouse.mouseMove(RemoteMouse.java:89)
	at org.openqa.selenium.interactions.MoveMouseAction.perform(MoveMouseAction.java:43)
	at org.openqa.selenium.interactions.CompositeAction.perform(CompositeAction.java:36)
	at org.openqa.selenium.interactions.Actions$BuiltAction.perform(Actions.java:641)
	at FirstProduct.firstProductSelection(FirstProduct.java:56)
	at HomePage.selectProductandCheckout(HomePage.java:24)
	at java.base/jdk.internal.reflect.NativeMethodAccessorImpl.invoke0(Native Method)
	at java.base/jdk.internal.reflect.NativeMethodAccessorImpl.invoke(NativeMethodAccessorImpl.java:62)
	at java.base/jdk.internal.reflect.DelegatingMethodAccessorImpl.invoke(DelegatingMethodAccessorImpl.java:43)
	at java.base/java.lang.reflect.Method.invoke(Method.java:564)
	at org.testng.internal.MethodInvocationHelper.invokeMethod(MethodInvocationHelper.java:124)
	at org.testng.internal.Invoker.invokeMethod(Invoker.java:580)
	at org.testng.internal.Invoker.invokeTestMethod(Invoker.java:716)
	at org.testng.internal.Invoker.invokeTestMethods(Invoker.java:988)
	at org.testng.internal.TestMethodWorker.invokeTestMethods(TestMethodWorker.java:125)
	at org.testng.internal.TestMethodWorker.run(TestMethodWorker.java:109)
	at org.testng.TestRunner.privateRun(TestRunner.java:648)
	at org.testng.TestRunner.run(TestRunner.java:505)
	at org.testng.SuiteRunner.runTest(SuiteRunner.java:455)
	at org.testng.SuiteRunner.runSequentially(SuiteRunner.java:450)
	at org.testng.SuiteRunner.privateRun(SuiteRunner.java:415)
	at org.testng.SuiteRunner.run(SuiteRunner.java:364)
	at org.testng.SuiteRunnerWorker.runSuite(SuiteRunnerWorker.java:52)
	at org.testng.SuiteRunnerWorker.run(SuiteRunnerWorker.java:84)
	at org.testng.TestNG.runSuitesSequentially(TestNG.java:1208)
	at org.testng.TestNG.runSuitesLocally(TestNG.java:1137)
	at org.testng.TestNG.runSuites(TestNG.java:1049)
	at org.testng.TestNG.run(TestNG.java:1017)
	at org.testng.remote.AbstractRemoteTestNG.run(AbstractRemoteTestNG.java:114)
	at org.testng.remote.RemoteTestNG.initAndRun(RemoteTestNG.java:251)
	at org.testng.remote.RemoteTestNG.main(RemoteTestNG.java:77)
</pre></div><a href='#' onClick='toggleBox("stack-trace305552520", this, "Click to show all stack frames", "Click to hide stack frames")'>Click to show all stack frames</a>
<div class='stack-trace' id='stack-trace305552520'><pre>org.openqa.selenium.WebDriverException: unknown error: Element &lt;iframe scrolling=&quot;no&quot; frameborder=&quot;0&quot; allow=&quot;camera; microphone; geolocation; vr&quot; allowtransparency=&quot;true&quot; allowfullscreen=&quot;&quot; name=&quot;TPAMultiSection_j4ci4xqb&quot; title=&quot;Product Page&quot; aria-label=&quot;Product Page&quot; id=&quot;TPAMultiSection_j4ci4xqbiframe&quot; class=&quot;style-j5ant54siframe&quot; style=&quot;display: block; width: 100%; height: 100%; overflow: hidden; position: absolute;&quot; src=&quot;https://ecom.wix.com/storefront/product/i-m-a-product-1?cacheKiller=1524119256063&amp;amp;compId=TPAMultiSection_j4ci4xqb&amp;amp;deviceType=desktop&amp;amp;height=1025&amp;amp;instance=7l-mFnYL8k-Vrew9OS17Q67EoeUlLwoVQGI-p1Kxx3Y.eyJpbnN0YW5jZUlkIjoiMzkxNGY4NmUtYmQ0YS00OGRkLTliZWUtYzFjNTZlNWJhYTk2IiwiYXBwRGVmSWQiOiIxMzgwYjcwMy1jZTgxLWZmMDUtZjExNS0zOTU3MWQ5NGRmY2QiLCJzaWduRGF0ZSI6IjIwMTgtMDQtMTlUMDY6Mjc6MzQuMjQ4WiIsInVpZCI6bnVsbCwiaXBBbmRQb3J0IjoiNzUuMTU3LjIzMC42NS81NjQ2MyIsInZlbmRvclByb2R1Y3RJZCI6bnVsbCwiZGVtb01vZGUiOmZhbHNlLCJvcmlnaW5JbnN0YW5jZUlkIjoiMmYyN2ExNTMtN2MyOS00MTZkLWJiOWYtNjI0OGE5MjJlODlmIiwiYWlkIjoiM2QwODJkYWUtN2RjZi00NWQwLWE3NzYtMWYzYTc1YzNlMjA4IiwiYmlUb2tlbiI6IjI1MjZmMTU3LTllYWItMDA1Mi0yNDY3LWU0NGM2NTE5YWY2OCIsInNpdGVPd25lcklkIjoiYzNlY2UyZTAtMTE5NS00MmRiLWJmMmMtZGY4YzM1OWY1ZjlmIn0&amp;amp;locale=en&amp;amp;pageId=is6ln&amp;amp;section-url=https%3A%2F%2Farielkiell.wixsite.com%2Finterview%2Fproduct-page%2F&amp;amp;target=_top&amp;amp;viewMode=site&amp;amp;vsi=dcae7692-cb13-4ac3-9362-f09098b966ca&amp;amp;width=980&quot; cd_frame_id_=&quot;09171446b1fbf8f7811315359427260a&quot;&gt;&lt;/iframe&gt; is not clickable at point (803, 21). Other element would receive the click: &lt;span class=&quot;text&quot;&gt;...&lt;/span&gt;
  (Session info: chrome=65.0.3325.181)
  (Driver info: chromedriver=2.37.544337 (8c0344a12e552148c185f7d5117db1f28d6c9e85),platform=Mac OS X 10.13.4 x86_64) (WARNING: The server did not provide any stacktrace information)
Command duration or timeout: 0 milliseconds
Build info: version: &apos;3.10.0&apos;, revision: &apos;176b4a9&apos;, time: &apos;2018-03-02T19:10:56.039Z&apos;
System info: host: &apos;ApoorvaSharmas-MacBook-Pro.local&apos;, ip: &apos;192.168.1.68&apos;, os.name: &apos;Mac OS X&apos;, os.arch: &apos;x86_64&apos;, os.version: &apos;10.13.4&apos;, java.version: &apos;9.0.4&apos;
Driver info: org.openqa.selenium.chrome.ChromeDriver
Capabilities {acceptInsecureCerts: false, acceptSslCerts: false, applicationCacheEnabled: false, browserConnectionEnabled: false, browserName: chrome, chrome: {chromedriverVersion: 2.37.544337 (8c0344a12e5521..., userDataDir: /var/folders/n5/0nl53y7956s...}, cssSelectorsEnabled: true, databaseEnabled: false, handlesAlerts: true, hasTouchScreen: false, javascriptEnabled: true, locationContextEnabled: true, mobileEmulationEnabled: false, nativeEvents: true, networkConnectionEnabled: false, pageLoadStrategy: normal, platform: MAC, platformName: MAC, rotatable: false, setWindowRect: true, takesHeapSnapshot: true, takesScreenshot: true, unexpectedAlertBehaviour: , unhandledPromptBehavior: , version: 65.0.3325.181, webStorageEnabled: true}
Session ID: d599f375f6715d49cc6dbf776919c4f9
	at java.base/jdk.internal.reflect.NativeConstructorAccessorImpl.newInstance0(Native Method)
	at java.base/jdk.internal.reflect.NativeConstructorAccessorImpl.newInstance(NativeConstructorAccessorImpl.java:62)
	at java.base/jdk.internal.reflect.DelegatingConstructorAccessorImpl.newInstance(DelegatingConstructorAccessorImpl.java:45)
	at java.base/java.lang.reflect.Constructor.newInstance(Constructor.java:488)
	at org.openqa.selenium.remote.ErrorHandler.createThrowable(ErrorHandler.java:214)
	at org.openqa.selenium.remote.ErrorHandler.throwIfResponseFailed(ErrorHandler.java:166)
	at org.openqa.selenium.remote.http.JsonHttpResponseCodec.reconstructValue(JsonHttpResponseCodec.java:40)
	at org.openqa.selenium.remote.http.AbstractHttpResponseCodec.decode(AbstractHttpResponseCodec.java:80)
	at org.openqa.selenium.remote.http.AbstractHttpResponseCodec.decode(AbstractHttpResponseCodec.java:44)
	at org.openqa.selenium.remote.HttpCommandExecutor.execute(HttpCommandExecutor.java:160)
	at org.openqa.selenium.remote.service.DriverCommandExecutor.execute(DriverCommandExecutor.java:83)
	at org.openqa.selenium.remote.RemoteWebDriver.execute(RemoteWebDriver.java:601)
	at org.openqa.selenium.remote.RemoteExecuteMethod.execute(RemoteExecuteMethod.java:35)
	at org.openqa.selenium.remote.RemoteMouse.mouseMove(RemoteMouse.java:89)
	at org.openqa.selenium.interactions.MoveMouseAction.perform(MoveMouseAction.java:43)
	at org.openqa.selenium.interactions.CompositeAction.perform(CompositeAction.java:36)
	at org.openqa.selenium.interactions.Actions$BuiltAction.perform(Actions.java:641)
	at FirstProduct.firstProductSelection(FirstProduct.java:56)
	at HomePage.selectProductandCheckout(HomePage.java:24)
	at java.base/jdk.internal.reflect.NativeMethodAccessorImpl.invoke0(Native Method)
	at java.base/jdk.internal.reflect.NativeMethodAccessorImpl.invoke(NativeMethodAccessorImpl.java:62)
	at java.base/jdk.internal.reflect.DelegatingMethodAccessorImpl.invoke(DelegatingMethodAccessorImpl.java:43)
	at java.base/java.lang.reflect.Method.invoke(Method.java:564)
	at org.testng.internal.MethodInvocationHelper.invokeMethod(MethodInvocationHelper.java:124)
	at org.testng.internal.Invoker.invokeMethod(Invoker.java:580)
	at org.testng.internal.Invoker.invokeTestMethod(Invoker.java:716)
	at org.testng.internal.Invoker.invokeTestMethods(Invoker.java:988)
	at org.testng.internal.TestMethodWorker.invokeTestMethods(TestMethodWorker.java:125)
	at org.testng.internal.TestMethodWorker.run(TestMethodWorker.java:109)
	at org.testng.TestRunner.privateRun(TestRunner.java:648)
	at org.testng.TestRunner.run(TestRunner.java:505)
	at org.testng.SuiteRunner.runTest(SuiteRunner.java:455)
	at org.testng.SuiteRunner.runSequentially(SuiteRunner.java:450)
	at org.testng.SuiteRunner.privateRun(SuiteRunner.java:415)
	at org.testng.SuiteRunner.run(SuiteRunner.java:364)
	at org.testng.SuiteRunnerWorker.runSuite(SuiteRunnerWorker.java:52)
	at org.testng.SuiteRunnerWorker.run(SuiteRunnerWorker.java:84)
	at org.testng.TestNG.runSuitesSequentially(TestNG.java:1208)
	at org.testng.TestNG.runSuitesLocally(TestNG.java:1137)
	at org.testng.TestNG.runSuites(TestNG.java:1049)
	at org.testng.TestNG.run(TestNG.java:1017)
	at org.testng.remote.AbstractRemoteTestNG.run(AbstractRemoteTestNG.java:114)
	at org.testng.remote.RemoteTestNG.initAndRun(RemoteTestNG.java:251)
	at org.testng.remote.RemoteTestNG.main(RemoteTestNG.java:77)
</pre></div></td>
<td>43</td>
<td>HomePage@58d75e99</td></tr>
</table><p>
</body>
</html>